<?xml version="1.0" encoding="UTF-8"?>
<!-- Generated by org.testng.reporters.JUnitXMLReporter -->
<testsuite hostname="Aadya" name="demoxml" tests="3" failures="0" timestamp="8 May 2018 11:30:33 GMT" time="260.624" errors="0">
  <testcase name="hpEnterValues" time="52.028" classname="com.test.automation.uiHB.Tc_001"/>
  <testcase name="hpEnterValues" time="58.682" classname="com.test.automation.uiHB.Tc_001"/>
  <testcase name="hpEnterValues" time="67.707" classname="com.test.automation.uiHB.Tc_001"/>
</testsuite> <!-- demoxml -->
